2025-03-25 11:16:20,840 - INFO: [31m[1mWARNING: This is a development server. Do not use it in a production deployment. Use a production WSGI server instead.[0m
 * Running on http://127.0.0.1:5050
2025-03-25 11:16:20,840 - INFO: [33mPress CTRL+C to quit[0m
2025-03-25 11:16:20,841 - INFO:  * Restarting with stat
2025-03-25 11:16:24,340 - WARNING:  * Debugger is active!
2025-03-25 11:16:24,340 - INFO:  * Debugger PIN: 755-475-513
2025-03-25 11:22:52,444 - INFO: [31m[1mWARNING: This is a development server. Do not use it in a production deployment. Use a production WSGI server instead.[0m
 * Running on http://127.0.0.1:5050
2025-03-25 11:22:52,444 - INFO: [33mPress CTRL+C to quit[0m
2025-03-25 11:22:52,444 - INFO:  * Restarting with stat
2025-03-25 11:22:55,725 - WARNING:  * Debugger is active!
2025-03-25 11:22:55,725 - INFO:  * Debugger PIN: 755-475-513
2025-03-25 11:34:31,005 - INFO: [31m[1mWARNING: This is a development server. Do not use it in a production deployment. Use a production WSGI server instead.[0m
 * Running on http://127.0.0.1:5050
2025-03-25 11:34:31,005 - INFO: [33mPress CTRL+C to quit[0m
2025-03-25 11:34:31,005 - INFO:  * Restarting with stat
2025-03-25 11:34:34,375 - WARNING:  * Debugger is active!
2025-03-25 11:34:34,383 - INFO:  * Debugger PIN: 755-475-513
2025-03-25 11:42:20,817 - INFO:  * Detected change in 'C:\\Users\\PC\\OneDrive\\Desktop\\arif\\1app.py', reloading
2025-03-25 11:42:21,353 - INFO:  * Restarting with stat
